processing html
html processed 1
time to add asins from search to queue : 1.600611925125122
processing html
html processed 2
time to add asins from search to queue : 1.3273298740386963
processing html
html processed 3
time to add asins from search to queue : 1.5279431343078613
processing html
html processed 4
time to add asins from search to queue : 1.4432380199432373
processing html
html processed 5
time to add asins from search to queue : 1.3385810852050781
processing html
html processed 6
time to render html : 1.1453709602355957
time to parse html : 0.5037589073181152
time to write to database : 0.20638203620910645
time to render html : 1.3571209907531738
time to parse html : 0.6084620952606201
time to write to database : 0.2770678997039795
time to render html : 1.253298044204712
time to parse html : 0.7525589466094971
time to write to database : 0.32831311225891113
time to render html : 1.3083720207214355
time to parse html : 0.8694789409637451
time to write to database : 0.23960590362548828
time to render html : 2.0434141159057617
time to parse html : 0.7905120849609375
time to write to database : 0.405775785446167
time to render html : 1.9935638904571533
time to parse html : 1.076704978942871
time to write to database : 0.3857719898223877
time to render html : 2.100369930267334
time to parse html : 1.1482999324798584
time to write to database : 0.2077960968017578
time to render html : 2.400222063064575
time to parse html : 1.053544044494629
time to write to database : 0.22304701805114746
time to render html : 2.491909980773926
time to parse html : 1.047029972076416
time to write to database : 0.1560349464416504
time to render html : 2.5615780353546143
time to parse html : 1.0702250003814697
time to write to database : 0.11982989311218262
time to add asins from search to queue : 5.2326250076293945
processing html
html processed 7
time to add asins from search to queue : 1.3659510612487793
processing html
html processed 8
time to add asins from search to queue : 1.3744149208068848
processing html
html processed 9
time to add asins from search to queue : 1.2648320198059082
processing html
html processed 10
time to render html : 1.1291358470916748
time to parse html : 0.8032281398773193
time to write to database : 0.3350210189819336
time to render html : 1.2151589393615723
time to parse html : 1.0136399269104004
time to write to database : 0.1977691650390625
time to render html : 1.2225151062011719
time to parse html : 0.9357309341430664
time to write to database : 0.28625988960266113
time to render html : 1.336122989654541
time to parse html : 0.9600861072540283
time to write to database : 0.2453298568725586
time to render html : 1.355515956878662
time to parse html : 1.0819649696350098
time to write to database : 0.2980639934539795
time to render html : 2.3513522148132324
time to parse html : 0.7252159118652344
time to write to database : 0.3226490020751953
time to render html : 2.156773090362549
time to parse html : 0.9708220958709717
time to write to database : 0.43028688430786133
time to render html : 2.5170950889587402
time to parse html : 0.8609528541564941
time to write to database : 0.23028802871704102
time to render html : 2.491525888442993
time to parse html : 0.9290568828582764
time to write to database : 0.21316313743591309
time to render html : 2.91099214553833
time to parse html : 0.6507959365844727
time to write to database : 0.10579109191894531
time to render html : 2.3086509704589844
time to parse html : 0.18584394454956055
time to write to database : 0.10757017135620117
time to render html : 2.499901056289673
time to parse html : 0.25734996795654297
time to write to database : 0.10130906105041504
time to add asins from search to queue : 6.930912017822266
processing html
html processed 11
time to render html : 1.1162230968475342
time to parse html : 1.013780117034912
time to write to database : 0.3789408206939697
time to render html : 1.1476109027862549
time to parse html : 1.0483050346374512
time to write to database : 0.3290579319000244
time to render html : 1.310708999633789
time to parse html : 1.0963349342346191
time to write to database : 0.2493748664855957
time to render html : 1.160571813583374
time to parse html : 1.1877341270446777
time to write to database : 0.297029972076416
time to render html : 1.3238871097564697
time to parse html : 1.1895229816436768
time to write to database : 0.2788839340209961
time to render html : 1.5743467807769775
time to parse html : 1.0487802028656006
time to write to database : 0.26245784759521484
time to render html : 1.4132990837097168
time to parse html : 1.3311560153961182
time to write to database : 0.22043704986572266
time to render html : 1.8875651359558105
time to parse html : 0.9884088039398193
time to write to database : 0.2096710205078125
time to render html : 2.512528896331787
time to parse html : 0.5377709865570068
time to write to database : 0.10915112495422363
time to render html : 2.674851894378662
time to parse html : 0.41988492012023926
time to write to database : 0.09579110145568848
time to render html : 1.7562329769134521
time to parse html : 0.1944141387939453
time to write to database : 0.18123984336853027
time to add asins from search to queue : 6.054172992706299
processing html
html processed 12
time to add asins from search to queue : 0.9965150356292725
processing html
html processed 13
time to add asins from search to queue : 0.9118130207061768
processing html
html processed 14
time to add asins from search to queue : 0.9192910194396973
processing html
html processed 15
time to add asins from search to queue : 1.0450642108917236
processing html
html processed 16
time to render html : 1.0930671691894531
time to parse html : 0.27693796157836914
time to write to database : 0.18553996086120605
time to render html : 1.1582000255584717
time to parse html : 0.3737809658050537
time to write to database : 0.3530080318450928
time to render html : 1.4029810428619385
time to parse html : 0.6219429969787598
time to write to database : 0.4041249752044678
time to render html : 1.5805110931396484
time to parse html : 0.7244729995727539
time to write to database : 0.3778979778289795
time to render html : 1.631295919418335
time to parse html : 0.8364620208740234
time to write to database : 0.3167240619659424
time to render html : 1.594688892364502
time to parse html : 0.8912601470947266
time to write to database : 0.33315587043762207
time to render html : 1.5686750411987305
time to parse html : 1.004051923751831
time to write to database : 0.2941598892211914
time to render html : 1.8602800369262695
time to parse html : 0.8491950035095215
time to write to database : 0.2027900218963623
time to render html : 2.519312858581543
time to parse html : 0.4642300605773926
time to write to database : 0.13368606567382812
time to render html : 2.450885057449341
time to parse html : 0.5865061283111572
time to write to database : 0.12127995491027832
time to render html : 2.273010015487671
time to parse html : 0.2120680809020996
time to write to database : 0.15763092041015625
time to render html : 1.592257022857666
time to parse html : 0.5824041366577148
time to write to database : 0.22927498817443848
time to render html : 1.2690320014953613
time to parse html : 0.6143779754638672
time to write to database : 0.191910982131958
time to render html : 2.324014902114868
time to parse html : 0.5692009925842285
time to write to database : 0.14683914184570312
time to render html : 1.30948805809021
time to parse html : 0.6816089153289795
time to write to database : 0.19012904167175293
time to render html : 1.9196090698242188
time to parse html : 0.3027329444885254
time to write to database : 0.11539292335510254
time to add asins from search to queue : 6.500298023223877
processing html
html processed 17
time to render html : 1.0731160640716553
time to parse html : 0.29718685150146484
time to write to database : 0.35744714736938477
time to render html : 1.1636850833892822
time to parse html : 0.2919769287109375
time to write to database : 0.557136058807373
time to render html : 1.4805560111999512
time to parse html : 1.1418428421020508
time to write to database : 0.24180197715759277
time to render html : 1.4838001728057861
time to parse html : 1.0715258121490479
time to write to database : 0.31748104095458984
time to render html : 1.4484031200408936
time to parse html : 1.1671040058135986
time to write to database : 0.2670290470123291
time to render html : 1.5309860706329346
time to parse html : 1.1658449172973633
time to write to database : 0.24160504341125488
time to render html : 1.51951003074646
time to parse html : 1.1825010776519775
time to write to database : 0.22173690795898438
time to render html : 1.4743270874023438
time to parse html : 1.2772598266601562
time to write to database : 0.2021181583404541
time to render html : 1.5141048431396484
time to parse html : 1.3333401679992676
time to write to database : 0.1418759822845459
time to render html : 2.665748119354248
time to parse html : 0.24514293670654297
time to write to database : 0.11777305603027344
time to render html : 2.1715340614318848
time to parse html : 0.4534609317779541
time to write to database : 0.2574191093444824
time to render html : 1.1048510074615479
time to parse html : 0.5950980186462402
time to write to database : 0.15377092361450195
time to render html : 1.2994019985198975
time to parse html : 0.5048389434814453
time to write to database : 0.17048120498657227
time to render html : 1.2095329761505127
time to parse html : 0.6143820285797119
time to write to database : 0.21076107025146484
time to render html : 2.686110019683838
time to parse html : 0.20618200302124023
time to write to database : 0.0917809009552002
time to add asins from search to queue : 6.287683010101318
processing html
html processed 18
time to add asins from search to queue : 0.9295480251312256
processing html
html processed 19
time to add asins from search to queue : 0.8511779308319092
beginning to process URLS
